[2015-08-07 15:20:39.135] [INFO] logInfo - /
[2015-08-07 15:20:45.063] [INFO] logInfo - /
[2015-08-07 15:21:13.286] [INFO] logInfo - /index
[2015-08-07 15:21:27.733] [INFO] logInfo - /login
[2015-08-07 15:22:14.253] [INFO] logInfo - /login
[2015-08-07 15:22:14.317] [INFO] logInfo - /public/css/style.css
[2015-08-07 15:22:14.322] [INFO] logInfo - /public/imgs/logo.png
[2015-08-07 15:22:14.462] [INFO] logInfo - /favicon.ico
[2015-08-07 15:22:20.789] [INFO] logInfo - /public/css/style.css
[2015-08-07 15:22:54.973] [INFO] logInfo - /login
[2015-08-07 15:23:22.815] [INFO] logInfo - /apply
[2015-08-07 15:23:31.780] [INFO] logInfo - /user/apply
[2015-08-07 15:46:20.673] [INFO] logInfo - /login
[2015-08-07 15:46:49.692] [INFO] logInfo - /login
[2015-08-07 15:47:19.933] [INFO] logInfo - /login
[2015-08-07 15:47:54.078] [INFO] logInfo - /login
[2015-08-07 15:48:37.055] [INFO] logInfo - /login
[2015-08-07 15:50:32.692] [INFO] logInfo - /login
[2015-08-07 15:52:13.920] [INFO] logInfo - /login
[2015-08-07 15:52:51.461] [INFO] logInfo - /login
[2015-08-07 15:55:05.409] [INFO] logInfo - /login
[2015-08-07 16:28:53.073] [INFO] logInfo - /login
[2015-08-07 16:29:00.887] [INFO] logInfo - /
[2015-08-07 16:29:23.035] [INFO] logInfo - /
